50
588 16168 -1072
724 16216 -496
176 16096 -760
-48 16120 -688
292 15940 -868
100 16372 -688
-140 16444 -164
-32 16336 -4
-176 16072 276
-420 16648 1180
360 16304 1424
668 16268 1880
1960 16252 944
1676 15920 -1992
1176 15388 -5844
772 14712 -6684
96 14296 -7076
-60 13836 -7792
-384 13584 -8836
-612 13268 -10080
-1024 12228 -9756
-1172 11264 -11648
-964 11268 -11652
-832 9812 -12672
-1680 4100 -14064
-628 3408 -15488
-1272 2020 -15084
-576 2608 -14980
-356 3776 -15432
-1192 3792 -15264
632 2796 -14648
-1060 2124 -16616
-3396 3696 -10240
1208 -1260 -15820
2316 -2040 -15676
752 -7756 -14460
-416 -8636 -13408
-2532 -7732 -13328
-3480 -8252 -12392
-1984 -10032 -12848
-1688 -10348 -12088
-1024 -10864 -11240
-184 -12856 -9676
-1000 -15340 -8624
-368 -15900 -3556
264 -16520 756
156 -16304 -1144
-192 -15860 -2760
672 -16380 -2708
1344 -16332 -2760
