1200
28 -76 17288
52 -184 17172
-36 -80 17268
88 -128 17152
72 -116 17288
48 -100 17160
56 -140 17148
76 -180 17156
12 -128 17300
52 -168 17216
36 -136 17188
4 -56 17196
36 -56 17236
16 -140 17176
16 -140 17332
24 -140 17244
-4 -116 17240
48 -148 17264
60 -100 17228
52 -168 17152
64 -168 17076
0 -168 17148
48 -112 17204
-16 -132 17232
44 -144 17192
-4 -232 17208
-8 -144 17132
-8 -132 17264
48 -80 17180
32 -172 17256
68 -96 17296
40 -116 17160
12 -108 17316
72 -140 17232
-12 -184 17232
-12 -192 17180
8 -164 17160
12 -120 17148
8 -140 17264
12 -152 17176
64 -120 17196
24 -116 17152
24 -136 17208
32 -240 17216
48 -172 17252
48 -196 17212
40 -96 17096
60 -88 17296
80 -136 17204
20 -116 17244
44 -148 17212
56 -100 17216
-16 -136 17176
-4 -148 17228
52 -136 17236
8 -144 17180
28 -144 17328
68 -176 17264
52 -100 17196
20 -84 17288
8 -96 17248
12 -104 17160
12 -148 17296
20 -168 17244
64 -76 17220
48 -144 17280
-16 -108 17248
28 -120 17100
52 -152 17272
0 -116 17272
12 -180 17248
56 -112 17260
52 -184 17224
68 -208 17140
48 -136 17248
-4 -148 17256
8 -128 17192
32 -168 17244
28 -152 17168
52 -132 17140
-20 -56 17216
40 -160 17296
60 -104 17240
52 -116 17184
52 -96 17212
44 -72 17164
80 -160 17140
40 -120 17272
24 -152 17168
68 -108 17320
-4 -120 17188
-40 -140 17220
40 -120 17220
16 -160 17188
-20 -188 17264
40 -128 17200
40 -84 17236
40 -156 17284
44 -108 17236
12 -124 17232
92 -144 17200
108 -156 17304
-12 -136 17236
64 -148 17220
28 -184 17292
20 -160 17272
40 -140 17188
-28 -140 17092
16 -176 17180
32 -116 17168
28 -144 17172
20 -128 17216
108 -80 17232
-8 -172 17212
104 -132 17164
64 -184 17188
68 -108 17188
-20 -60 17220
32 -184 17112
36 -92 17204
36 -164 17144
12 -156 17276
-4 -148 17200
52 -84 17208
-36 -160 17220
76 -128 17260
80 -112 17144
80 -108 17240
0 -124 17208
-16 -112 17292
-40 -184 17324
92 -76 17304
32 -56 17148
-4 -184 17224
24 -124 17224
40 -136 17192
68 -156 17268
36 -100 17280
36 -152 17308
36 -128 17236
20 -120 17164
48 -136 17240
128 -132 17164
20 -112 17260
4 -116 17196
36 -152 17272
84 -140 17204
36 -76 17220
8 -148 17248
-20 -92 17232
-20 -92 17288
36 -204 17288
52 -132 17244
88 -64 17224
60 -116 17220
8 -192 17216
20 -136 17236
48 -136 17204
40 -144 17236
4 -144 17216
48 -124 17240
96 -60 17160
44 -108 17228
0 -120 17236
-4 -84 17100
52 -96 17180
-16 -156 17228
0 -176 17288
88 -156 17264
56 -188 17288
32 -36 17124
48 -192 17236
44 -132 17160
4 -164 17292
40 -132 17200
12 -80 17160
68 -100 17116
36 -128 17160
-16 -184 17212
12 -164 17276
4 -144 17196
8 -136 17176
52 -140 17324
0 -112 17268
-16 -132 17220
-36 -164 17172
56 -192 17212
-4 -100 17204
12 -140 17176
0 -128 17232
60 -136 17236
40 -172 17152
-56 -124 17236
44 -172 17196
16 -156 17220
40 -120 17192
16 -148 17252
24 -112 17328
88 -100 17180
20 -180 17204
-12 -104 17216
44 -64 17200
36 -156 17188
32 -120 17256
44 -136 17248
44 -188 17180
60 -168 17168
64 -216 17240
32 -96 17184
4 -160 17220
-8 -84 17196
56 -80 17152
48 -116 17088
20 -176 17144
76 -164 17220
-20 -112 17192
84 -140 17168
84 -136 17216
-8 -168 17264
24 -160 17112
-8 -120 17188
-24 -88 17176
52 -128 17220
104 -156 17248
32 -228 17212
16 -132 17172
40 -132 17208
-28 -132 17240
-8 -132 17228
32 -164 17284
36 -48 17288
44 -148 17196
40 -108 17224
64 -212 17256
4 -144 17260
32 -164 17204
48 -104 17240
0 -168 17144
52 -72 17228
0 -92 17264
20 -112 17104
20 -136 17248
32 -172 17196
28 -132 17312
8 -128 17220
88 -96 17168
-16 -152 17212
16 -108 17240
40 -124 17284
72 -140 17244
40 -140 17228
-4 -116 17200
-12 -156 17260
96 -196 17260
64 -140 17236
36 -180 17200
8 -136 17212
36 -172 17268
-16 -132 17264
36 -116 17168
76 -168 17232
64 -92 17224
-16 -168 17152
36 -144 17152
-40 -116 17252
20 -128 17128
-20 -108 17188
128 -100 17152
8 -112 17204
28 -120 17232
68 -112 17136
-20 -132 17048
80 -112 17296
0 -160 17176
-12 -140 17232
0 -128 17164
60 -160 17232
-4 -132 17300
28 -136 17136
4 -136 17252
56 -84 17328
-12 -112 17200
40 -216 17264
24 -92 17252
36 -76 17284
56 -92 17204
-32 -120 17248
40 -100 17228
52 0 17268
40 -180 17240
48 -160 17256
56 -96 17172
20 -132 17280
72 -132 17164
16 -152 17132
-32 -128 17344
12 -72 17228
0 -168 17156
8 -128 17260
64 -156 17208
64 -160 17244
56 -96 17272
20 -160 17204
52 -160 17312
44 -152 17340
-36 -116 17312
20 -152 17232
40 -140 17176
20 -48 17224
20 -120 17168
36 -72 17228
32 -124 17148
0 -156 17284
12 -156 17160
-4 -184 17348
72 -148 17152
84 -140 17264
116 -136 17228
36 -176 17144
100 -148 17272
48 -88 17204
28 -100 17208
20 -180 17224
48 -160 17344
48 -148 17228
8 -100 17188
8 -212 17164
-52 -152 17216
-12 -160 17188
60 -180 17216
28 -152 17320
0 -152 17244
32 -132 17160
-64 -224 17220
-68 -100 17256
84 -156 17136
36 -172 17232
28 -88 17276
76 -132 17252
-68 -92 17172
16 -172 17220
20 -48 17244
12 -84 17248
32 -140 17188
12 -140 17292
60 -128 17132
-76 -116 17232
64 -168 17212
32 -100 17204
4 -136 17196
12 -148 17204
20 -76 17060
32 -172 17256
-36 -144 17256
-28 -192 17156
44 -144 17248
4 -104 17180
-48 -112 17172
4 -152 17240
28 -128 17336
-12 -136 17192
36 -92 17180
68 -136 17204
-8 -88 17256
28 -192 17276
56 -76 17188
20 -76 17204
16 -144 17108
24 -140 17264
60 -156 17188
16 -112 17276
4 -72 17172
-20 -56 17184
48 -140 17168
-24 -92 17168
56 -128 17164
44 -140 17244
40 -140 17172
16 -148 17256
24 -96 17216
32 -128 17284
76 -72 17204
20 -80 17212
28 -196 17356
12 -124 17204
-40 -92 17208
24 -172 17264
-20 -108 17152
36 -184 17260
-12 -116 17240
-28 -192 17280
20 -84 17256
68 -124 17192
52 -112 17208
40 -148 17148
60 -132 17232
32 -208 17336
-12 -148 17196
-4 -112 17144
16 -80 17364
68 -136 17204
-60 -136 17228
32 -84 17244
48 -136 17224
-4 -120 17220
0 -136 17144
52 -144 17192
4 -108 17256
8 -108 17208
52 -128 17288
-24 -160 17300
-52 -104 17252
16 -140 17272
32 -136 17232
36 -124 17192
-4 -96 17260
72 -80 17272
68 -148 17144
-24 -116 17260
-12 -144 17260
4 -104 17200
44 -120 17236
24 -124 17260
20 -120 17180
12 -148 17208
76 -104 17236
-20 -72 17288
-32 -200 17096
72 -192 17284
48 -76 17240
24 -128 17248
48 -168 17200
24 -36 17204
36 -168 17172
12 -160 17188
4 -188 17220
20 -96 17164
88 -116 17264
8 -148 17208
36 -152 17148
4 -148 17292
8 -128 17204
20 -240 17260
48 -112 17200
56 -112 17332
40 -176 17204
-12 -136 17288
40 -84 17200
20 -156 17168
20 -152 17160
80 -96 17260
40 -152 17256
24 -124 17148
120 -100 17264
60 -100 17276
-16 -96 17212
0 -104 17160
20 -104 17268
4 -60 17276
20 -56 17148
12 -148 17116
96 -148 17160
88 -108 17156
-8 -132 17240
-4 -156 17192
-4 -124 17284
64 -204 17288
40 -92 17236
32 -124 17212
40 -136 17244
32 -172 17152
16 -120 17200
-24 -120 17280
48 -168 17196
68 -192 17224
-12 -68 17172
56 -88 17180
48 -144 17284
44 -108 17268
76 -188 17344
-40 -84 17264
60 -144 17212
-12 -56 17188
40 -108 17168
64 -144 17264
44 -224 17088
60 -92 17192
-48 -116 17224
-24 -112 17176
16 -112 17268
4 -36 17204
12 -204 17168
-56 -152 17256
56 -168 17300
-12 -136 17180
40 -112 17188
80 -76 17292
-36 -120 17100
-4 -72 17160
-32 -116 17164
44 -160 17136
20 -124 17196
-44 -124 17244
52 -140 17140
28 -148 17208
16 -140 17208
-8 -128 17232
44 -92 17192
-12 -164 17120
-20 -96 17184
76 -156 17200
4 -208 17216
52 -116 17212
52 -152 17084
16 -168 17140
40 -60 17140
-20 -152 17160
60 -184 17216
8 -168 17212
-8 -160 17108
40 -92 17188
68 -100 17144
48 -128 17136
20 -132 17184
40 -96 17208
92 -116 17156
44 -104 17272
44 -128 17208
36 -60 17172
4 -128 17264
-48 -140 17192
100 -172 17276
64 -120 17240
36 -128 17204
-36 -184 17160
44 -136 17140
16 -136 17236
-28 -104 17260
20 -112 17260
16 -136 17264
16 -132 17208
20 -172 17156
40 -108 17196
0 -100 17248
0 -180 17176
0 -128 17176
32 -160 17196
-4 -120 17156
24 -148 17160
12 -200 17204
68 -112 17204
12 -104 17204
8 -128 17200
-12 -196 17168
32 -100 17196
0 -148 17252
-52 -140 17140
-24 -144 17208
8 -84 17288
-20 -160 17164
92 -216 17192
72 -100 17144
-12 -196 17220
40 -120 17216
-4 -140 17264
84 -108 17140
-8 -188 17416
56 -140 17084
28 -132 17256
8 -152 17288
20 -148 17248
8 -124 17208
-48 -160 17308
-44 -156 17220
-12 -144 17124
44 -176 17228
36 -120 17172
12 -132 17200
-12 -144 17216
0 -112 17200
-32 -128 17188
-28 -144 17152
-8 -152 17240
64 -152 17108
8 -116 17252
40 -136 17144
36 -120 17236
16 -108 17176
84 -168 17284
68 -136 17136
72 -88 17212
40 -176 17208
36 -128 17200
52 -120 17312
28 -144 17228
80 -164 17316
4 -80 17260
56 -192 17164
-32 -60 17180
0 -164 17276
32 -88 17216
48 -144 17180
-48 -80 17156
24 -112 17208
-28 -80 17244
36 -164 17296
24 -176 17256
-4 -108 17208
-20 -184 17132
16 -108 17196
-4 -196 17196
-16 -172 17196
32 -148 17264
-12 -152 17276
-12 -128 17204
-44 -100 17240
96 -196 17212
-24 -128 17236
-8 -148 17160
24 -140 17296
-32 -112 17256
84 -136 17232
0 -156 17168
48 -148 17024
0 -160 17204
-56 -188 17336
40 -108 17224
-4 -116 17092
-56 -100 17232
16 -152 17136
48 -116 17192
20 -136 17252
-24 -132 17128
24 -60 17296
-24 -172 17220
40 -108 17192
36 -136 17212
64 -96 17228
-12 -76 17208
-28 -176 17252
80 -148 17160
56 -140 17164
-8 -148 17244
4 -132 17284
48 -140 17156
4 -116 17204
36 -208 17112
76 -120 17268
12 -180 17248
12 -88 17228
60 -92 17220
76 -156 17152
28 -184 17204
72 -124 17244
32 -140 17276
24 -84 17248
84 -112 17204
0 -148 17160
-12 -176 17212
16 -124 17160
64 -108 17296
56 -172 17180
72 -156 17176
28 -152 17212
28 -212 17220
24 -148 17280
40 -104 17176
-44 -176 17240
40 -176 17284
0 -188 17204
44 -120 17280
-4 -108 17244
-24 -156 17240
76 -112 17252
4 -200 17272
0 -164 17228
40 -124 17260
0 -132 17324
12 -120 17252
12 -140 17172
24 -68 17300
44 -124 17184
48 -196 17244
60 -92 17212
16 -120 17160
-12 -144 17188
-52 -156 17288
-16 -100 17172
28 -112 17124
80 -164 17252
-36 -132 17240
40 -124 17184
-12 -124 17184
12 -64 17224
60 -96 17152
12 -164 17204
52 -76 17164
-16 -152 17148
16 -160 17128
56 -172 17228
56 -116 17248
8 -140 17212
-28 -92 17216
44 -176 17192
8 -124 17240
56 -140 17252
-12 -168 17144
-16 -156 17192
24 -164 17244
4 -100 17300
12 -124 17236
56 -100 17200
-4 -212 17152
0 -132 17212
8 -188 17108
12 -76 17248
28 -120 17196
32 -40 17208
-24 -152 17272
12 -232 17228
36 -152 17220
8 -180 17132
8 -128 17312
-16 -108 17164
28 -136 17200
-36 -96 17296
24 -140 17084
36 -92 17224
-12 -156 17196
-12 -168 17224
40 -144 17256
40 -128 17244
68 -116 17248
16 -136 17208
76 -96 17184
48 -136 17260
124 -100 17216
64 -92 17212
4 -136 17236
-8 -132 17288
-48 -128 17240
124 -172 17220
0 -148 17244
68 -140 17212
-8 -104 17156
48 -128 17248
4 -100 17240
4 -156 17204
60 -156 17232
24 -184 17164
104 -168 17184
32 -120 17252
84 -156 17348
20 -148 17244
20 -144 17228
68 -112 17188
16 -188 17084
48 -132 17136
72 -136 17248
56 -148 17232
8 -152 17236
40 -108 17224
56 -100 17228
-4 -140 17192
12 -144 17168
-28 -164 17124
48 -92 17212
56 -164 17304
-12 -144 17292
20 -184 17252
24 -96 17256
32 -136 17176
20 -148 17248
16 -128 17112
36 -208 17304
-32 -144 17196
20 -196 17196
44 -128 17312
52 -180 17220
36 -88 17160
64 -108 17140
-12 -136 17240
16 -124 17268
-20 -88 17228
8 -80 17348
-32 -180 17204
-48 -120 17272
-24 -160 17176
36 -60 17252
-32 -120 17224
24 -136 17196
-8 -96 17228
4 -88 17236
0 -148 17184
52 -156 17312
-4 -112 17288
-20 -132 17192
-68 -144 17152
88 -124 17236
96 -112 17148
28 -60 17120
-4 -244 17140
-24 -136 17204
28 -140 17232
64 -176 17144
76 -72 17252
4 -160 17244
32 -112 17148
12 -128 17164
108 -104 17204
56 -124 17264
-24 -120 17168
36 -92 17228
76 -192 17192
-4 -180 17144
20 -132 17248
-16 -156 17324
52 -136 17144
24 -88 17276
-40 -136 17140
36 -92 17208
-20 -208 17208
16 -200 17184
64 -136 17240
44 -116 17256
80 -40 17240
12 -84 17160
-28 -168 17256
56 -100 17136
-4 -164 17208
20 -160 17284
4 -88 17212
-16 -108 17196
72 -88 17224
-12 -148 17180
40 -48 17284
108 -144 17176
48 -180 17236
-24 -108 17204
-16 -112 17168
76 -116 17252
72 -164 17192
-32 -112 17264
12 -164 17204
44 -184 17296
40 -164 17220
16 -116 17240
16 -160 17180
76 -100 17240
16 -128 17244
4 -120 17116
80 -124 17172
36 -180 17152
56 -124 17300
72 -156 17244
28 -140 17224
-12 -164 17220
8 -144 17324
24 -204 17280
28 -152 17200
8 -124 17276
48 -152 17140
96 -124 17196
16 -76 17212
8 -148 17264
36 -92 17320
4 -156 17144
48 -140 17176
4 -180 17156
64 -212 17220
36 -104 17252
56 -152 17152
40 -140 17244
-28 -132 17276
40 -104 17300
28 -192 17196
-60 -136 17164
16 -88 17244
-64 -172 17180
76 -180 17256
0 -124 17236
20 -160 17268
72 -140 17192
0 -160 17152
-44 -184 17212
20 -128 17080
-4 -96 17260
88 -108 17172
12 -104 17132
-12 -176 17188
20 -124 17244
24 -164 17176
-44 -120 17164
-20 -136 17152
4 -96 17124
-4 -140 17144
32 -140 17148
40 -156 17216
36 -116 17280
-28 -144 17204
44 -112 17196
32 -112 17188
44 -104 17184
12 -80 17336
32 -144 17216
48 -144 17148
40 -124 17124
4 -80 17224
76 -152 17240
28 -140 17212
16 -104 17204
16 -116 17168
28 -128 17104
32 -72 17200
20 -168 17212
40 -84 17304
24 -156 17196
16 -192 17204
32 -176 17168
0 -152 17116
64 -120 17192
-4 -148 17204
84 -128 17268
36 -68 17160
24 -160 17236
12 -104 17192
32 -212 17120
12 -132 17256
96 -188 17168
28 -132 17212
56 -128 17152
44 -108 17248
48 -80 17228
8 -100 17252
32 -156 17220
-20 -84 17260
32 -188 17264
36 -92 17172
76 -120 17240
4 -108 17196
32 -160 17240
12 -164 17188
28 -112 17232
4 -80 17292
32 -144 17228
24 -132 17132
-4 -140 17184
56 -84 17208
8 -144 17172
40 -168 17224
64 -200 17184
28 -128 17096
4 -124 17208
0 -164 17144
-32 -132 17168
60 -176 17212
4 -128 17172
36 -168 17248
72 -96 17212
36 -84 17096
-4 -124 17104
36 -156 17176
24 -112 17136
16 -136 17180
52 -92 17168
28 -128 17236
20 -124 17172
32 -124 17272
24 -104 17276
40 -148 17256
56 -92 17100
96 -148 17188
20 -168 17208
-36 -124 17236
48 -120 17176
36 -116 17116
4 -160 17228
24 -92 17120
0 -84 17252
12 -60 17168
0 -168 17228
76 -88 17188
24 -104 17268
-4 -144 17280
36 -108 17264
52 -128 17196
0 -140 17164
60 -168 17168
68 -204 17200
-8 -124 17176
20 -100 17180
-40 -144 17148
40 -96 17220
48 -180 17188
48 -152 17144
8 -124 17352
72 -108 17224
16 -128 17156
16 -156 17144
-16 -124 17224
24 -52 17196
-16 -104 17192
52 -136 17220
0 -128 17112
12 -92 17264
12 -132 17296
52 -136 17240
-8 -56 17160
16 -68 17200
60 -124 17200
36 -156 17192
8 -68 17236
52 -112 17248
-32 -132 17224
72 -140 17228
20 -156 17236
32 -144 17204
24 -96 17152
-28 -132 17260
72 -136 17224
-16 -176 17236
80 -84 17148
-44 -108 17156
44 -148 17096
40 -140 17128
-4 -36 17284
108 -136 17224
-4 -100 17204
48 -68 17160
-8 -108 17276
16 -84 17196
40 -136 17192
8 -152 17188
20 -72 17088
20 -168 17156
24 -84 17292
24 -136 17232
-20 -164 17244
44 -172 17192
0 -172 17192
20 -156 17280
-24 -144 17244
-4 -156 17160
16 -128 17172
60 -128 17216
36 -96 17208
56 -128 17264
52 -156 17204
-8 -108 17196
24 -100 17212
-12 -160 17160
24 -144 17260
-8 -120 17156
0 -128 17164
4 -156 17292
20 -228 17260
32 -160 17192
4 -132 17244
44 -156 17188
0 -64 17284
-32 -124 17228
-12 -176 17288
52 -200 17180
4 -188 17300
8 -124 17284
-28 -164 17248
64 -204 17196
-20 -84 17148
8 -144 17244
68 -112 17168
24 -132 17232
44 -112 17140
92 -144 17260
-20 -172 17268
12 -144 17204
8 -168 17344
60 -76 17280
32 -132 17212
0 -124 17192
60 -140 17164
4 -116 17132
28 -136 17172
48 -124 17208
44 -156 17184
32 -160 17152
-16 -108 17216
12 -156 17144
4 -144 17228
8 -108 17200
-44 -136 17188
24 -108 17260
32 -116 17144
-20 -164 17244
-32 -152 17276
8 -144 17196
20 -152 17208
12 -112 17248
44 -132 17288
100 -120 17144
36 -116 17300
40 -128 17168
0 -180 17192
52 -184 17224
32 -84 17216
28 -124 17356
20 -172 17204
20 -180 17092
24 -156 17140
64 -168 17176
24 -128 17256
28 -168 17212
84 -72 17196
12 -160 17136
28 -96 17348
96 -92 17248
52 -120 17264
24 -148 17132
84 -156 17144
12 -136 17200
8 -152 17200
28 -92 17128
80 -152 17176
76 -124 17220
-8 -156 17296
84 -148 17236
96 -112 17148
40 -112 17204
-4 -164 17140
0 -148 17240
28 -140 17204
28 -152 17212
8 -156 17196
20 -116 17152
28 -152 17216
28 -116 17304
0 -144 17192
4 -184 17240
68 -168 17204
-4 -184 17088
56 -184 17172
28 -172 17208
20 -208 17240
-20 -132 17164
68 -96 17196
40 -132 17176
-20 -76 17100
4 -100 17316
-24 -160 17188
24 -72 17240
36 -168 17264
68 -136 17200
36 -152 17264
52 -108 17264
-4 -128 17284
8 -140 17196
44 -168 17180
16 -152 17248
32 -148 17204
-16 -140 17244
20 -116 17152
-4 -88 17156
76 -140 17136
52 -132 17224
12 -172 17236
24 -140 17244
20 -164 17144
20 -88 17160
8 -156 17248
48 -132 17172
20 -128 17232
-16 -108 17240
-56 -120 17224
8 -172 17204
-8 -108 17220
0 -156 17260
36 -108 17180
16 -84 17200
88 -104 17228
96 -112 17200
-12 -140 17212
16 -108 17296
-12 -164 17320
20 -136 17212
4 -128 17176
-28 -156 17224
52 -116 17200
0 -92 17308
-44 -172 17260
-4 -144 17204
12 -184 17156
32 -156 17208
-12 -152 17308
20 -112 17196
16 -96 17164
56 -96 17188
-32 -124 17180
88 -164 17240
72 -164 17220
32 -140 17236
-16 -184 17284
