100
24 -72 17108
60 -112 17180
52 -84 17164
52 -144 17252
52 -112 17136
88 -128 17244
12 -156 17216
80 -96 17164
32 -136 17144
116 -116 17232
-4 -148 17216
32 -96 17224
72 -116 17224
-8 -104 17208
-4 -96 17176
56 -152 17176
8 -200 17100
60 -160 17208
68 -88 17260
4 -128 17148
52 -136 17260
0 -136 17328
4 -128 17176
24 -72 17236
96 -84 17088
68 -104 17184
20 -120 17172
32 -148 17320
-36 -44 17256
-8 -104 17196
24 -88 17300
-16 -148 17188
20 -64 17196
72 -88 17176
8 -88 17168
12 -68 17164
60 -56 17220
20 -100 17124
72 -148 17196
36 -80 17172
80 -132 17140
48 -96 17240
48 -104 17236
96 -108 17160
32 -104 17132
-32 -124 17172
40 -104 17240
84 -124 17244
60 -136 17220
80 -152 17236
40 -120 17208
68 -100 17224
32 -144 17196
28 -116 17260
24 -148 17260
36 -124 17220
4 -120 17168
76 -60 17180
76 -120 17148
92 -176 17132
8 -104 17284
32 -116 17220
20 -132 17256
112 -132 17148
-20 -112 17232
88 -176 17268
40 -112 17212
52 -16 17244
64 -124 17200
0 -136 17196
24 -92 17272
48 -164 17256
32 -36 17104
100 -176 17220
12 -112 17176
52 -176 17152
72 -88 17192
72 -96 17228
8 -36 17172
44 -124 17152
0 -160 17240
4 -84 17172
52 -80 17232
4 -128 17196
96 -140 17268
72 -96 17268
48 -96 17180
24 -96 17156
-4 -112 17184
8 -144 17200
4 -76 17292
12 -60 17188
44 -88 17252
-12 -148 17188
80 -112 17176
44 -52 17260
100 -64 17216
56 -176 17268
20 -164 17220
44 -92 17312
